<?xml version="1.0" encoding="UTF-8"?>
<testng-results ignored="0" total="1" passed="1" failed="0" skipped="0">
  <reporter-output>
  </reporter-output>
  <suite started-at="2024-10-23T17:36:36 IST" name="Default suite" finished-at="2024-10-23T17:36:45 IST" duration-ms="8713">
    <groups>
    </groups>
    <test started-at="2024-10-23T17:36:36 IST" name="Default test" finished-at="2024-10-23T17:36:45 IST" duration-ms="8713">
      <class name="com.techno.orghrm.testscript.LoginTest">
        <test-method signature="loginTest()[pri:0, instance:com.techno.orghrm.testscript.LoginTest@f0da945]" started-at="2024-10-23T17:36:36 IST" name="loginTest" finished-at="2024-10-23T17:36:45 IST" duration-ms="8677" status="PASS">
          <reporter-output>
          </reporter-output>
        </test-method> <!-- loginTest -->
      </class> <!-- com.techno.orghrm.testscript.LoginTest -->
    </test> <!-- Default test -->
  </suite> <!-- Default suite -->
</testng-results>
